TN:
SF:/home/valeria/Work/EselFront/js/components/_utils.js
FN:2,(anonymous_1)
FN:9,(anonymous_2)
FN:15,(anonymous_3)
FN:20,(anonymous_4)
FN:24,(anonymous_5)
FN:31,(anonymous_6)
FN:37,(anonymous_7)
FN:46,(anonymous_8)
FN:51,(anonymous_9)
FN:61,(anonymous_10)
FN:67,(anonymous_11)
FN:73,(anonymous_12)
FN:74,(anonymous_13)
FNF:13
FNH:5
FNDA:6,(anonymous_1)
FNDA:0,(anonymous_2)
FNDA:0,(anonymous_3)
FNDA:6,(anonymous_4)
FNDA:1,(anonymous_5)
FNDA:3,(anonymous_6)
FNDA:2,(anonymous_7)
FNDA:0,(anonymous_8)
FNDA:0,(anonymous_9)
FNDA:0,(anonymous_10)
FNDA:0,(anonymous_11)
FNDA:0,(anonymous_12)
FNDA:0,(anonymous_13)
DA:1,1
DA:3,6
DA:4,1
DA:6,5
DA:10,0
DA:11,0
DA:13,0
DA:16,0
DA:17,0
DA:21,6
DA:22,6
DA:23,1
DA:24,1
DA:25,1
DA:26,1
DA:29,6
DA:32,3
DA:33,3
DA:34,3
DA:38,2
DA:39,1
DA:41,1
DA:47,0
DA:52,0
DA:53,0
DA:55,0
DA:62,0
DA:68,0
DA:69,0
DA:74,0
DA:75,0
LF:31
LH:17
BRDA:3,1,0,1
BRDA:3,1,1,5
BRDA:10,2,0,0
BRDA:10,2,1,0
BRDA:16,3,0,0
BRDA:16,3,1,0
BRDA:22,4,0,1
BRDA:22,4,1,5
BRDA:33,5,0,3
BRDA:33,5,1,0
BRDA:38,6,0,1
BRDA:38,6,1,1
BRDA:52,7,0,0
BRDA:52,7,1,0
BRDA:68,8,0,0
BRDA:68,8,1,0
BRF:16
BRH:7
end_of_record
TN:
SF:/home/valeria/Work/EselFront/js/components/ajaxsubmit.js
FN:1,(anonymous_1)
FN:10,(anonymous_2)
FN:15,(anonymous_3)
FNF:3
FNH:0
FNDA:0,(anonymous_1)
FNDA:0,(anonymous_2)
FNDA:0,(anonymous_3)
DA:1,1
DA:2,0
DA:3,0
DA:4,0
DA:5,0
DA:11,0
DA:12,0
DA:16,0
DA:19,0
LF:9
LH:1
BRDA:11,1,0,0
BRDA:11,1,1,0
BRF:2
BRH:0
end_of_record
TN:
SF:/home/valeria/Work/EselFront/js/components/dropdown.js
FN:1,(anonymous_1)
FN:4,(anonymous_2)
FN:8,(anonymous_3)
FN:17,(anonymous_4)
FNF:4
FNH:3
FNDA:1,(anonymous_1)
FNDA:1,(anonymous_2)
FNDA:2,(anonymous_3)
FNDA:0,(anonymous_4)
DA:1,1
DA:2,1
DA:3,1
DA:4,1
DA:5,1
DA:6,1
DA:7,1
DA:8,1
DA:9,2
DA:10,2
DA:11,2
DA:14,1
DA:17,1
DA:18,0
LF:14
LH:13
BRDA:7,1,0,0
BRDA:7,1,1,1
BRF:2
BRH:1
end_of_record
TN:
SF:/home/valeria/Work/EselFront/js/components/modal.js
FN:3,(anonymous_1)
FN:16,(anonymous_2)
FN:27,(anonymous_3)
FN:37,(anonymous_4)
FN:45,(anonymous_5)
FN:46,(anonymous_6)
FN:47,(anonymous_7)
FN:58,(anonymous_8)
FNF:8
FNH:8
FNDA:11,(anonymous_1)
FNDA:7,(anonymous_2)
FNDA:1,(anonymous_3)
FNDA:1,(anonymous_4)
FNDA:1,(anonymous_5)
FNDA:1,(anonymous_6)
FNDA:1,(anonymous_7)
FNDA:0,(anonymous_8)
DA:1,1
DA:3,1
DA:4,11
DA:5,11
DA:6,11
DA:8,11
DA:9,11
DA:10,0
DA:12,11
DA:16,1
DA:17,7
DA:18,7
DA:19,7
DA:21,3
DA:22,3
DA:26,3
DA:27,3
DA:28,1
DA:33,3
DA:35,1
DA:36,1
DA:37,1
DA:38,1
DA:41,7
DA:42,7
DA:45,1
DA:46,1
DA:47,1
DA:48,1
DA:58,1
DA:59,1
LF:31
LH:30
BRDA:4,1,0,11
BRDA:4,1,1,0
BRDA:5,2,0,11
BRDA:5,2,1,0
BRDA:9,3,0,0
BRDA:9,3,1,11
BRDA:19,4,0,3
BRDA:19,4,1,1
BRF:8
BRH:5
end_of_record
TN:
SF:/home/valeria/Work/EselFront/js/components/toggle.js
FN:3,(anonymous_1)
FN:10,(anonymous_2)
FN:14,(anonymous_3)
FN:35,(anonymous_4)
FN:36,(anonymous_5)
FN:39,(anonymous_6)
FN:42,(anonymous_7)
FN:43,(anonymous_8)
FN:48,(anonymous_9)
FN:60,(anonymous_10)
FNF:10
FNH:9
FNDA:4,(anonymous_1)
FNDA:0,(anonymous_2)
FNDA:9,(anonymous_3)
FNDA:1,(anonymous_4)
FNDA:4,(anonymous_5)
FNDA:1,(anonymous_6)
FNDA:1,(anonymous_7)
FNDA:1,(anonymous_8)
FNDA:11,(anonymous_9)
FNDA:0,(anonymous_10)
DA:1,1
DA:3,1
DA:4,4
DA:5,4
DA:6,4
DA:7,4
DA:8,4
DA:9,4
DA:10,0
DA:11,0
DA:14,4
DA:15,9
DA:16,6
DA:18,9
DA:19,9
DA:21,2
DA:23,2
DA:25,3
DA:26,3
DA:28,2
DA:32,4
DA:35,1
DA:36,1
DA:37,4
DA:39,1
DA:40,1
DA:41,1
DA:42,1
DA:43,1
DA:44,1
DA:48,1
DA:49,11
DA:50,2
DA:60,1
DA:61,1
LF:35
LH:33
BRDA:7,1,0,0
BRDA:7,1,1,4
BRDA:8,2,0,4
BRDA:8,2,1,0
BRDA:9,3,0,0
BRDA:9,3,1,4
BRDA:9,4,0,4
BRDA:9,4,1,0
BRDA:15,5,0,6
BRDA:15,5,1,3
BRDA:19,6,0,2
BRDA:19,6,1,2
BRDA:19,6,2,3
BRDA:19,6,3,2
BRDA:49,7,0,2
BRDA:49,7,1,9
BRF:16
BRH:12
end_of_record
