TN:
SF:/home/valeria/Work/EselFront/js/components/_utils.js
FN:2,(anonymous_1)
FN:9,(anonymous_2)
FN:12,(anonymous_3)
FN:19,(anonymous_4)
FN:24,(anonymous_5)
FNF:5
FNH:0
FNDA:0,(anonymous_1)
FNDA:0,(anonymous_2)
FNDA:0,(anonymous_3)
FNDA:0,(anonymous_4)
FNDA:0,(anonymous_5)
DA:1,1
DA:3,0
DA:4,0
DA:6,0
DA:10,0
DA:11,0
DA:12,0
DA:13,0
DA:14,0
DA:17,0
DA:20,0
DA:21,0
DA:25,0
DA:26,0
DA:28,0
LF:15
LH:1
BRDA:3,1,0,0
BRDA:3,1,1,0
BRDA:10,2,0,0
BRDA:10,2,1,0
BRDA:20,3,0,0
BRDA:20,3,1,0
BRDA:25,4,0,0
BRDA:25,4,1,0
BRF:8
BRH:0
end_of_record
TN:
SF:/home/valeria/Work/EselFront/js/components/dropdown.js
FN:1,(anonymous_1)
FN:4,(anonymous_2)
FN:8,(anonymous_3)
FNF:3
FNH:0
FNDA:0,(anonymous_1)
FNDA:0,(anonymous_2)
FNDA:0,(anonymous_3)
DA:1,1
DA:2,0
DA:3,0
DA:4,0
DA:5,0
DA:6,0
DA:7,0
DA:8,0
DA:9,0
DA:10,0
DA:13,0
LF:11
LH:1
BRDA:7,1,0,0
BRDA:7,1,1,0
BRF:2
BRH:0
end_of_record
TN:
SF:/home/valeria/Work/EselFront/js/components/modal.js
FN:3,(anonymous_1)
FN:11,(anonymous_2)
FN:17,(anonymous_3)
FN:18,(anonymous_4)
FN:19,(anonymous_5)
FNF:5
FNH:0
FNDA:0,(anonymous_1)
FNDA:0,(anonymous_2)
FNDA:0,(anonymous_3)
FNDA:0,(anonymous_4)
FNDA:0,(anonymous_5)
DA:1,1
DA:3,1
DA:4,0
DA:5,0
DA:7,0
DA:8,0
DA:11,1
DA:12,0
DA:13,0
DA:14,0
DA:17,1
DA:18,0
DA:19,0
DA:20,0
LF:14
LH:4
BRDA:4,1,0,0
BRDA:4,1,1,0
BRF:2
BRH:0
end_of_record
TN:
SF:/home/valeria/Work/EselFront/js/components/toggle.js
FN:1,(anonymous_1)
FN:6,(anonymous_2)
FN:23,(anonymous_3)
FN:24,(anonymous_4)
FN:27,(anonymous_5)
FN:30,(anonymous_6)
FN:31,(anonymous_7)
FN:36,(anonymous_8)
FNF:8
FNH:0
FNDA:0,(anonymous_1)
FNDA:0,(anonymous_2)
FNDA:0,(anonymous_3)
FNDA:0,(anonymous_4)
FNDA:0,(anonymous_5)
FNDA:0,(anonymous_6)
FNDA:0,(anonymous_7)
FNDA:0,(anonymous_8)
DA:1,1
DA:2,0
DA:3,0
DA:4,0
DA:5,0
DA:6,0
DA:7,0
DA:8,0
DA:9,0
DA:11,0
DA:13,0
DA:15,0
DA:17,0
DA:20,0
DA:23,1
DA:24,0
DA:25,0
DA:27,0
DA:28,0
DA:29,0
DA:30,0
DA:31,0
DA:32,0
DA:36,0
DA:37,0
DA:38,0
LF:26
LH:2
BRDA:5,1,0,0
BRDA:5,1,1,0
BRDA:9,2,0,0
BRDA:9,2,1,0
BRDA:9,2,2,0
BRDA:9,2,3,0
BRDA:37,3,0,0
BRDA:37,3,1,0
BRF:8
BRH:0
end_of_record
